2019/06/16 14:57:24 main.go:23: Actual pid is 37056
2019/06/16 14:57:28 endless.go:341: 37056 Received SIGINT.
2019/06/16 14:57:28 endless.go:196: 37056 Waiting for connections to finish...
2019/06/16 14:57:28 endless.go:199: 37056 Serve() returning...
2019/06/16 14:57:28 main.go:29: Server err: accept tcp [::]:80: use of closed network connection
2019/06/16 14:57:28 endless.go:385: 37056 [::]:80 Listener closed.
2019/06/16 14:57:41 main.go:23: Actual pid is 37071
2019/06/16 15:01:18 main.go:23: Actual pid is 37085
[GIN] 2019/06/16 - 15:01:53 | 200 |      33.415µs |             ::1 | GET      /
2019/06/16 15:02:31 endless.go:341: 37085 Received SIGINT.
2019/06/16 15:02:31 endless.go:196: 37085 Waiting for connections to finish...
2019/06/16 15:02:31 endless.go:199: 37085 Serve() returning...
2019/06/16 15:02:31 main.go:29: Server err: accept tcp [::]:80: use of closed network connection
2019/06/16 15:02:43 main.go:23: Actual pid is 37114
2019/06/16 15:03:26 main.go:23: Actual pid is 37118
2019/06/16 15:03:38 endless.go:330: 37118 Received SIGHUP. forking.
2019/06/16 15:03:38 main.go:23: Actual pid is 37120
2019/06/16 15:03:38 endless.go:344: 37118 Received SIGTERM.
2019/06/16 15:03:38 endless.go:196: 37118 Waiting for connections to finish...
2019/06/16 15:03:38 endless.go:199: 37118 Serve() returning...
2019/06/16 15:03:38 main.go:29: Server err: accept tcp [::]:80: use of closed network connection
[GIN] 2019/06/16 - 15:10:25 | 200 |      31.669µs |             ::1 | GET      /
[GIN] 2019/06/16 - 15:10:50 | 200 |       7.636µs |             ::1 | GET      /
[GIN] 2019/06/16 - 15:10:51 | 200 |      12.151µs |             ::1 | GET      /
[GIN] 2019/06/16 - 15:11:04 | 200 |       8.628µs |             ::1 | GET      /
[GIN] 2019/06/16 - 15:11:22 | 200 |       8.988µs |             ::1 | GET      /
[GIN] 2019/06/16 - 15:11:23 | 200 |      43.629µs |             ::1 | GET      /
[GIN] 2019/06/16 - 15:13:57 | 200 |      16.781µs |             ::1 | GET      /
2019/06/16 15:14:03 endless.go:217: net.Listen error: listen tcp :80: bind: address already in use
2019/06/16 15:14:03 main.go:29: Server err: net.Listen error: listen tcp :80: bind: address already in use
2019/06/16 15:14:29 endless.go:217: net.Listen error: listen tcp :80: bind: address already in use
2019/06/16 15:14:29 main.go:29: Server err: net.Listen error: listen tcp :80: bind: address already in use
[GIN] 2019/06/16 - 15:15:02 | 200 |       5.342µs |             ::1 | GET      /
[GIN] 2019/06/16 - 15:15:02 | 200 |       7.556µs |             ::1 | GET      /
[GIN] 2019/06/16 - 15:15:03 | 200 |       7.112µs |             ::1 | GET      /
[GIN] 2019/06/16 - 15:15:03 | 200 |       6.718µs |             ::1 | GET      /
[GIN] 2019/06/16 - 15:15:03 | 200 |      16.603µs |             ::1 | GET      /
[GIN] 2019/06/16 - 15:15:19 | 200 |       10.01µs |             ::1 | GET      /
2019/06/16 15:15:40 endless.go:217: net.Listen error: listen tcp :80: bind: address already in use
2019/06/16 15:15:40 main.go:29: Server err: net.Listen error: listen tcp :80: bind: address already in use
[GIN] 2019/06/16 - 15:15:42 | 200 |        5.83µs |             ::1 | GET      /
[GIN] 2019/06/16 - 15:15:47 | 200 |       7.893µs |             ::1 | GET      /
[GIN] 2019/06/16 - 15:15:52 | 200 |      20.948µs |             ::1 | GET      /
2019/06/16 15:18:33 endless.go:217: net.Listen error: listen tcp :80: bind: address already in use
2019/06/16 15:18:33 main.go:29: Server err: net.Listen error: listen tcp :80: bind: address already in use
2019/06/16 15:19:11 main.go:23: Actual pid is 37213
2019/06/16 15:19:25 endless.go:330: 37213 Received SIGHUP. forking.
2019/06/16 15:19:25 main.go:23: Actual pid is 37214
2019/06/16 15:19:25 endless.go:344: 37213 Received SIGTERM.
2019/06/16 15:19:25 endless.go:196: 37213 Waiting for connections to finish...
2019/06/16 15:19:25 endless.go:199: 37213 Serve() returning...
2019/06/16 15:19:25 endless.go:385: 37213 [::]:80 Listener closed.
2019/06/16 15:19:25 main.go:29: Server err: accept tcp [::]:80: use of closed network connection
[GIN] 2019/06/16 - 15:19:31 | 200 |      34.087µs |             ::1 | GET      /
[GIN] 2019/06/16 - 15:20:01 | 200 |      14.311µs |             ::1 | GET      /
[GIN] 2019/06/16 - 15:20:01 | 200 |       6.754µs |             ::1 | GET      /
[GIN] 2019/06/16 - 15:20:02 | 200 |       7.758µs |             ::1 | GET      /
[GIN] 2019/06/16 - 15:21:00 | 200 |      10.778µs |             ::1 | GET      /
[GIN] 2019/06/16 - 15:21:00 | 200 |       26.92µs |             ::1 | GET      /
[GIN] 2019/06/16 - 15:21:00 | 200 |       7.344µs |             ::1 | GET      /
[GIN] 2019/06/16 - 15:21:01 | 200 |       7.285µs |             ::1 | GET      /
[GIN] 2019/06/16 - 15:21:01 | 200 |       8.358µs |             ::1 | GET      /
[GIN] 2019/06/16 - 15:21:01 | 200 |      23.385µs |             ::1 | GET      /
[GIN] 2019/06/16 - 15:21:01 | 200 |       6.417µs |             ::1 | GET      /
2019/06/16 15:22:38 endless.go:330: 37214 Received SIGHUP. forking.
2019/06/16 15:22:38 endless.go:477: Restart: Failed to launch, error: fork/exec /var/folders/kv/992y_b7x6n3912wxj1f13zdw0000gp/T/go-build807390644/b001/exe/main: no such file or directory
2019/06/16 15:23:11 main.go:23: Actual pid is 37452
2019/06/16 15:23:13 endless.go:341: 37452 Received SIGINT.
2019/06/16 15:23:13 endless.go:196: 37452 Waiting for connections to finish...
2019/06/16 15:23:13 endless.go:199: 37452 Serve() returning...
2019/06/16 15:23:13 main.go:29: Server err: accept tcp [::]:80: use of closed network connection
2019/06/16 15:23:13 endless.go:385: 37452 [::]:80 Listener closed.
2019/06/16 15:23:20 main.go:23: Actual pid is 37456
[GIN] 2019/06/16 - 15:23:23 | 200 |      32.527µs |             ::1 | GET      /
2019/06/16 15:23:39 endless.go:330: 37456 Received SIGHUP. forking.
2019/06/16 15:23:40 endless.go:344: 37456 Received SIGTERM.
2019/06/16 15:23:40 main.go:23: Actual pid is 37459
2019/06/16 15:23:40 endless.go:196: 37456 Waiting for connections to finish...
2019/06/16 15:23:40 endless.go:199: 37456 Serve() returning...
2019/06/16 15:23:40 main.go:29: Server err: accept tcp [::]:80: use of closed network connection
[GIN] 2019/06/16 - 15:23:44 | 200 |      58.912µs |             ::1 | GET      /
[GIN] 2019/06/16 - 15:23:45 | 200 |      16.293µs |             ::1 | GET      /
[GIN] 2019/06/16 - 15:23:45 | 200 |       7.326µs |             ::1 | GET      /
[GIN] 2019/06/16 - 15:23:59 | 200 |       8.391µs |             ::1 | GET      /
[GIN] 2019/06/16 - 15:24:00 | 200 |       7.674µs |             ::1 | GET      /
[GIN] 2019/06/16 - 15:24:00 | 200 |       7.594µs |             ::1 | GET      /
2019/06/16 15:24:33 endless.go:330: 37459 Received SIGHUP. forking.
2019/06/16 15:24:33 main.go:23: Actual pid is 37487
2019/06/16 15:24:33 endless.go:344: 37459 Received SIGTERM.
2019/06/16 15:24:33 endless.go:196: 37459 Waiting for connections to finish...
2019/06/16 15:24:33 endless.go:385: 37459 [::]:80 Listener closed.
2019/06/16 15:24:33 endless.go:199: 37459 Serve() returning...
2019/06/16 15:24:33 main.go:29: Server err: accept tcp [::]:80: use of closed network connection
[GIN] 2019/06/16 - 15:24:40 | 200 |      42.351µs |             ::1 | GET      /
[GIN] 2019/06/16 - 15:24:41 | 200 |      26.945µs |             ::1 | GET      /
[GIN] 2019/06/16 - 15:24:41 | 200 |        7.56µs |             ::1 | GET      /
[GIN] 2019/06/16 - 15:24:45 | 200 |       7.404µs |             ::1 | GET      /
[GIN] 2019/06/16 - 15:24:49 | 200 |      18.049µs |             ::1 | GET      /
[GIN] 2019/06/16 - 15:24:49 | 200 |       5.799µs |             ::1 | GET      /
[GIN] 2019/06/16 - 15:24:50 | 200 |       7.223µs |             ::1 | GET      /
[GIN] 2019/06/16 - 15:24:50 | 200 |       7.013µs |             ::1 | GET      /
[GIN] 2019/06/16 - 15:24:50 | 200 |       7.031µs |             ::1 | GET      /
[GIN] 2019/06/16 - 15:24:50 | 200 |      16.393µs |             ::1 | GET      /
[GIN] 2019/06/16 - 15:24:51 | 200 |       6.722µs |             ::1 | GET      /
[GIN] 2019/06/16 - 15:24:51 | 200 |         8.3µs |             ::1 | GET      /
[GIN] 2019/06/16 - 15:24:54 | 200 |       7.571µs |             ::1 | GET      /
2019/06/16 15:27:52 main.go:23: Actual pid is 37524
2019/06/16 15:27:54 endless.go:341: 37524 Received SIGINT.
2019/06/16 15:27:54 endless.go:385: 37524 [::]:80 Listener closed.
2019/06/16 15:27:54 endless.go:196: 37524 Waiting for connections to finish...
2019/06/16 15:27:54 endless.go:199: 37524 Serve() returning...
2019/06/16 15:27:54 main.go:29: Server err: accept tcp [::]:80: use of closed network connection
2019/06/16 16:18:22 main.go:23: Actual pid is 42053
2019/06/16 16:18:24 endless.go:341: 42053 Received SIGINT.
2019/06/16 16:18:24 endless.go:196: 42053 Waiting for connections to finish...
2019/06/16 16:18:24 endless.go:199: 42053 Serve() returning...
2019/06/16 16:18:24 endless.go:385: 42053 [::]:80 Listener closed.
2019/06/16 16:18:24 main.go:29: Server err: accept tcp [::]:80: use of closed network connection
2019/06/16 16:35:03 main.go:27: Actual pid is 44268
2019/06/16 16:35:07 endless.go:341: 44268 Received SIGINT.
2019/06/16 16:35:07 endless.go:196: 44268 Waiting for connections to finish...
2019/06/16 16:35:07 endless.go:199: 44268 Serve() returning...
2019/06/16 16:35:07 main.go:33: Server err: accept tcp [::]:80: use of closed network connection
2019/06/16 16:35:07 endless.go:385: 44268 [::]:80 Listener closed.
2019/06/16 16:37:15 main.go:27: Actual pid is 44338
2019/06/16 16:37:43 endless.go:341: 44338 Received SIGINT.
2019/06/16 16:37:43 endless.go:196: 44338 Waiting for connections to finish...
2019/06/16 16:37:43 endless.go:199: 44338 Serve() returning...
2019/06/16 16:37:43 main.go:33: Server err: accept tcp [::]:80: use of closed network connection
2019/06/16 16:46:32 main.go:27: Actual pid is 46051
[GIN] 2019/06/16 - 16:46:43 | 404 |         279ns |             ::1 | GET      /
[GIN] 2019/06/16 - 16:46:49 | 404 |         236ns |             ::1 | GET      /v1/user
[GIN] 2019/06/16 - 16:46:52 | 200 |      23.718µs |             ::1 | GET      /v1/users
2019/06/16 16:48:17 endless.go:341: 46051 Received SIGINT.
2019/06/16 16:48:17 endless.go:385: 46051 [::]:80 Listener closed.
2019/06/16 16:48:17 endless.go:196: 46051 Waiting for connections to finish...
2019/06/16 16:48:17 endless.go:199: 46051 Serve() returning...
2019/06/16 16:48:17 main.go:33: Server err: accept tcp [::]:80: use of closed network connection
2019/06/16 16:54:03 main.go:27: Actual pid is 47810
[GIN] 2019/06/16 - 16:54:27 | 404 |     223.102µs |             ::1 | GET      /swagger/
[GIN] 2019/06/16 - 16:54:36 | 200 |     245.669µs |             ::1 | GET      /swagger/index.html
[GIN] 2019/06/16 - 16:54:36 | 200 |   12.196725ms |             ::1 | GET      /swagger/swagger-ui.css
[GIN] 2019/06/16 - 16:54:36 | 200 |   12.384108ms |             ::1 | GET      /swagger/swagger-ui-standalone-preset.js
[GIN] 2019/06/16 - 16:54:36 | 200 |  132.741681ms |             ::1 | GET      /swagger/swagger-ui-bundle.js


[31m2019/06/16 16:54:37 [Recovery] 2019/06/16 - 16:54:37 panic recovered:
GET /swagger/doc.json HTTP/1.1
Host: localhost
Accept: application/json,*/*
Accept-Encoding: gzip, deflate, br
Accept-Language: zh-CN,zh;q=0.9,en;q=0.8,it;q=0.7
Connection: keep-alive
Cookie: isAlert=false; theme=black; argsAlarmOnly=false; argelang=ch; trackerUser=%7B%22Id%22:1,%22Username%22:%22root%22,%22Token%22:%223805534f-6666-44dd-b3f1-2741e18a7a13%22,%22Roles%22:%5B%7B%22Id%22:1,%22Name%22:%22root%22%7D%5D%7D; trackerToken=%223805534f-6666-44dd-b3f1-2741e18a7a13%22; argetheme=night; IPAndPort={%22ip%22:%22192.168.1.175%22%2C%22port%22:%228080%22%2C%22test%22:false}; language=en-US; this.sid=s%3An7m3krWgzMNgZ5C_mbGsUD_cw_fCeira.tD9zMFFEmXTIvuRxM6jF%2BAWptwKFfQ%2B3dFQ%2B0UgFFW8; XSRF-TOKEN=BE2SMce1HP098533a20db893d3b38fda551c608bbf7893fe5c; agentbotlang=ch; _ga=GA1.1.458185009.1554365590; io=tE7r1qSn40Y6luYXAAAp; argesUser={%22user%22:{%22Id%22:1%2C%22Username%22:%22root%22%2C%22Token%22:%22910e8194-3684-46b1-a9dc-e48f3f0422cd%22%2C%22Roles%22:[{%22Id%22:1%2C%22Name%22:%22root%22}]}}
Referer: http://localhost/swagger/index.html
User-Agent: Mozilla/5.0 (Macintosh; Intel Mac OS X 10_14_3) AppleWebKit/537.36 (KHTML, like Gecko) Chrome/75.0.3770.90 Safari/537.36


not yet registered swag
/Users/lvpeng/gospace/pkg/mod/github.com/swaggo/gin-swagger@v1.1.0/swagger.go:46 (0x15d5903)
	WrapHandler.func1: panic(err)
/Users/lvpeng/gospace/pkg/mod/github.com/gin-gonic/gin@v1.4.0/context.go:124 (0x153a289)
	(*Context).Next: c.handlers[c.index](c)
/Users/lvpeng/gospace/pkg/mod/github.com/gin-gonic/gin@v1.4.0/logger.go:240 (0x154c2d0)
	LoggerWithConfig.func1: c.Next()
/Users/lvpeng/gospace/pkg/mod/github.com/gin-gonic/gin@v1.4.0/context.go:124 (0x153a289)
	(*Context).Next: c.handlers[c.index](c)
/Users/lvpeng/gospace/pkg/mod/github.com/gin-gonic/gin@v1.4.0/recovery.go:83 (0x154d229)
	RecoveryWithWriter.func1: c.Next()
/Users/lvpeng/gospace/pkg/mod/github.com/gin-gonic/gin@v1.4.0/context.go:124 (0x153a289)
	(*Context).Next: c.handlers[c.index](c)
/Users/lvpeng/gospace/pkg/mod/github.com/gin-gonic/gin@v1.4.0/gin.go:389 (0x1543771)
	(*Engine).handleHTTPRequest: c.Next()
/Users/lvpeng/gospace/pkg/mod/github.com/gin-gonic/gin@v1.4.0/gin.go:351 (0x1542fa3)
	(*Engine).ServeHTTP: engine.handleHTTPRequest(c)
/usr/local/Cellar/go/1.12.6/libexec/src/net/http/server.go:2774 (0x1347297)
	serverHandler.ServeHTTP: handler.ServeHTTP(rw, req)
/usr/local/Cellar/go/1.12.6/libexec/src/net/http/server.go:1878 (0x1342e80)
	(*conn).serve: serverHandler{c.server}.ServeHTTP(w, w.req)
/usr/local/Cellar/go/1.12.6/libexec/src/runtime/asm_amd64.s:1337 (0x105a5a0)
	goexit: BYTE	$0x90	// NOP
[0m
[GIN] 2019/06/16 - 16:54:37 | 200 |      73.951µs |             ::1 | GET      /swagger/favicon-32x32.png
2019/06/16 16:55:04 endless.go:341: 47810 Received SIGINT.
2019/06/16 16:55:04 endless.go:196: 47810 Waiting for connections to finish...
2019/06/16 16:55:04 endless.go:199: 47810 Serve() returning...
2019/06/16 16:55:04 main.go:33: Server err: accept tcp [::]:80: use of closed network connection
2019/06/16 16:55:04 endless.go:385: 47810 [::]:80 Listener closed.
2019/06/16 17:01:15 main.go:27: Actual pid is 48272
[GIN] 2019/06/16 - 17:01:20 | 200 |     547.599µs |             ::1 | GET      /swagger/index.html
[GIN] 2019/06/16 - 17:01:20 | 200 |    8.752159ms |             ::1 | GET      /swagger/swagger-ui.css
[GIN] 2019/06/16 - 17:01:20 | 200 |    9.450462ms |             ::1 | GET      /swagger/swagger-ui-standalone-preset.js
[GIN] 2019/06/16 - 17:01:20 | 200 |  125.252495ms |             ::1 | GET      /swagger/swagger-ui-bundle.js


[31m2019/06/16 17:01:20 [Recovery] 2019/06/16 - 17:01:20 panic recovered:
GET /swagger/doc.json HTTP/1.1
Host: localhost
Accept: application/json,*/*
Accept-Encoding: gzip, deflate, br
Accept-Language: zh-CN,zh;q=0.9,en;q=0.8,it;q=0.7
Connection: keep-alive
Cookie: isAlert=false; theme=black; argsAlarmOnly=false; argelang=ch; trackerUser=%7B%22Id%22:1,%22Username%22:%22root%22,%22Token%22:%223805534f-6666-44dd-b3f1-2741e18a7a13%22,%22Roles%22:%5B%7B%22Id%22:1,%22Name%22:%22root%22%7D%5D%7D; trackerToken=%223805534f-6666-44dd-b3f1-2741e18a7a13%22; argetheme=night; IPAndPort={%22ip%22:%22192.168.1.175%22%2C%22port%22:%228080%22%2C%22test%22:false}; language=en-US; this.sid=s%3An7m3krWgzMNgZ5C_mbGsUD_cw_fCeira.tD9zMFFEmXTIvuRxM6jF%2BAWptwKFfQ%2B3dFQ%2B0UgFFW8; XSRF-TOKEN=BE2SMce1HP098533a20db893d3b38fda551c608bbf7893fe5c; agentbotlang=ch; _ga=GA1.1.458185009.1554365590; io=tE7r1qSn40Y6luYXAAAp; argesUser={%22user%22:{%22Id%22:1%2C%22Username%22:%22root%22%2C%22Token%22:%22910e8194-3684-46b1-a9dc-e48f3f0422cd%22%2C%22Roles%22:[{%22Id%22:1%2C%22Name%22:%22root%22}]}}
Referer: http://localhost/swagger/index.html
User-Agent: Mozilla/5.0 (Macintosh; Intel Mac OS X 10_14_3) AppleWebKit/537.36 (KHTML, like Gecko) Chrome/75.0.3770.90 Safari/537.36


not yet registered swag
/Users/lvpeng/gospace/pkg/mod/github.com/swaggo/gin-swagger@v1.1.0/swagger.go:46 (0x15d5903)
	WrapHandler.func1: panic(err)
/Users/lvpeng/gospace/pkg/mod/github.com/gin-gonic/gin@v1.4.0/context.go:124 (0x153a289)
	(*Context).Next: c.handlers[c.index](c)
/Users/lvpeng/gospace/pkg/mod/github.com/gin-gonic/gin@v1.4.0/logger.go:240 (0x154c2d0)
	LoggerWithConfig.func1: c.Next()
/Users/lvpeng/gospace/pkg/mod/github.com/gin-gonic/gin@v1.4.0/context.go:124 (0x153a289)
	(*Context).Next: c.handlers[c.index](c)
/Users/lvpeng/gospace/pkg/mod/github.com/gin-gonic/gin@v1.4.0/recovery.go:83 (0x154d229)
	RecoveryWithWriter.func1: c.Next()
/Users/lvpeng/gospace/pkg/mod/github.com/gin-gonic/gin@v1.4.0/context.go:124 (0x153a289)
	(*Context).Next: c.handlers[c.index](c)
/Users/lvpeng/gospace/pkg/mod/github.com/gin-gonic/gin@v1.4.0/gin.go:389 (0x1543771)
	(*Engine).handleHTTPRequest: c.Next()
/Users/lvpeng/gospace/pkg/mod/github.com/gin-gonic/gin@v1.4.0/gin.go:351 (0x1542fa3)
	(*Engine).ServeHTTP: engine.handleHTTPRequest(c)
/usr/local/Cellar/go/1.12.6/libexec/src/net/http/server.go:2774 (0x1347297)
	serverHandler.ServeHTTP: handler.ServeHTTP(rw, req)
/usr/local/Cellar/go/1.12.6/libexec/src/net/http/server.go:1878 (0x1342e80)
	(*conn).serve: serverHandler{c.server}.ServeHTTP(w, w.req)
/usr/local/Cellar/go/1.12.6/libexec/src/runtime/asm_amd64.s:1337 (0x105a5a0)
	goexit: BYTE	$0x90	// NOP
[0m
[GIN] 2019/06/16 - 17:01:20 | 200 |     194.032µs |             ::1 | GET      /swagger/favicon-32x32.png
2019/06/16 17:01:58 endless.go:341: 48272 Received SIGINT.
2019/06/16 17:01:58 endless.go:196: 48272 Waiting for connections to finish...
2019/06/16 17:01:58 endless.go:199: 48272 Serve() returning...
2019/06/16 17:01:58 main.go:33: Server err: accept tcp [::]:80: use of closed network connection
2019/06/16 17:02:17 main.go:27: Actual pid is 48368


[31m2019/06/16 17:02:27 [Recovery] 2019/06/16 - 17:02:27 panic recovered:
GET /swagger/doc.json HTTP/1.1
Host: localhost
Accept: application/json,*/*
Accept-Encoding: gzip, deflate, br
Accept-Language: zh-CN,zh;q=0.9,en;q=0.8,it;q=0.7
Connection: keep-alive
Cookie: isAlert=false; theme=black; argsAlarmOnly=false; argelang=ch; trackerUser=%7B%22Id%22:1,%22Username%22:%22root%22,%22Token%22:%223805534f-6666-44dd-b3f1-2741e18a7a13%22,%22Roles%22:%5B%7B%22Id%22:1,%22Name%22:%22root%22%7D%5D%7D; trackerToken=%223805534f-6666-44dd-b3f1-2741e18a7a13%22; argetheme=night; IPAndPort={%22ip%22:%22192.168.1.175%22%2C%22port%22:%228080%22%2C%22test%22:false}; language=en-US; this.sid=s%3An7m3krWgzMNgZ5C_mbGsUD_cw_fCeira.tD9zMFFEmXTIvuRxM6jF%2BAWptwKFfQ%2B3dFQ%2B0UgFFW8; XSRF-TOKEN=BE2SMce1HP098533a20db893d3b38fda551c608bbf7893fe5c; agentbotlang=ch; _ga=GA1.1.458185009.1554365590; io=tE7r1qSn40Y6luYXAAAp; argesUser={%22user%22:{%22Id%22:1%2C%22Username%22:%22root%22%2C%22Token%22:%22910e8194-3684-46b1-a9dc-e48f3f0422cd%22%2C%22Roles%22:[{%22Id%22:1%2C%22Name%22:%22root%22}]}}
Referer: http://localhost/swagger/index.html
User-Agent: Mozilla/5.0 (Macintosh; Intel Mac OS X 10_14_3) AppleWebKit/537.36 (KHTML, like Gecko) Chrome/75.0.3770.90 Safari/537.36


not yet registered swag
/Users/lvpeng/gospace/pkg/mod/github.com/swaggo/gin-swagger@v1.1.0/swagger.go:46 (0x15d5903)
	WrapHandler.func1: panic(err)
/Users/lvpeng/gospace/pkg/mod/github.com/gin-gonic/gin@v1.4.0/context.go:124 (0x153a289)
	(*Context).Next: c.handlers[c.index](c)
/Users/lvpeng/gospace/pkg/mod/github.com/gin-gonic/gin@v1.4.0/logger.go:240 (0x154c2d0)
	LoggerWithConfig.func1: c.Next()
/Users/lvpeng/gospace/pkg/mod/github.com/gin-gonic/gin@v1.4.0/context.go:124 (0x153a289)
	(*Context).Next: c.handlers[c.index](c)
/Users/lvpeng/gospace/pkg/mod/github.com/gin-gonic/gin@v1.4.0/recovery.go:83 (0x154d229)
	RecoveryWithWriter.func1: c.Next()
/Users/lvpeng/gospace/pkg/mod/github.com/gin-gonic/gin@v1.4.0/context.go:124 (0x153a289)
	(*Context).Next: c.handlers[c.index](c)
/Users/lvpeng/gospace/pkg/mod/github.com/gin-gonic/gin@v1.4.0/gin.go:389 (0x1543771)
	(*Engine).handleHTTPRequest: c.Next()
/Users/lvpeng/gospace/pkg/mod/github.com/gin-gonic/gin@v1.4.0/gin.go:351 (0x1542fa3)
	(*Engine).ServeHTTP: engine.handleHTTPRequest(c)
/usr/local/Cellar/go/1.12.6/libexec/src/net/http/server.go:2774 (0x1347297)
	serverHandler.ServeHTTP: handler.ServeHTTP(rw, req)
/usr/local/Cellar/go/1.12.6/libexec/src/net/http/server.go:1878 (0x1342e80)
	(*conn).serve: serverHandler{c.server}.ServeHTTP(w, w.req)
/usr/local/Cellar/go/1.12.6/libexec/src/runtime/asm_amd64.s:1337 (0x105a5a0)
	goexit: BYTE	$0x90	// NOP
[0m


[31m2019/06/16 17:02:28 [Recovery] 2019/06/16 - 17:02:28 panic recovered:
GET /swagger/doc.json HTTP/1.1
Host: localhost
Accept: application/json,*/*
Accept-Encoding: gzip, deflate, br
Accept-Language: zh-CN,zh;q=0.9,en;q=0.8,it;q=0.7
Connection: keep-alive
Cookie: isAlert=false; theme=black; argsAlarmOnly=false; argelang=ch; trackerUser=%7B%22Id%22:1,%22Username%22:%22root%22,%22Token%22:%223805534f-6666-44dd-b3f1-2741e18a7a13%22,%22Roles%22:%5B%7B%22Id%22:1,%22Name%22:%22root%22%7D%5D%7D; trackerToken=%223805534f-6666-44dd-b3f1-2741e18a7a13%22; argetheme=night; IPAndPort={%22ip%22:%22192.168.1.175%22%2C%22port%22:%228080%22%2C%22test%22:false}; language=en-US; this.sid=s%3An7m3krWgzMNgZ5C_mbGsUD_cw_fCeira.tD9zMFFEmXTIvuRxM6jF%2BAWptwKFfQ%2B3dFQ%2B0UgFFW8; XSRF-TOKEN=BE2SMce1HP098533a20db893d3b38fda551c608bbf7893fe5c; agentbotlang=ch; _ga=GA1.1.458185009.1554365590; io=tE7r1qSn40Y6luYXAAAp; argesUser={%22user%22:{%22Id%22:1%2C%22Username%22:%22root%22%2C%22Token%22:%22910e8194-3684-46b1-a9dc-e48f3f0422cd%22%2C%22Roles%22:[{%22Id%22:1%2C%22Name%22:%22root%22}]}}
Referer: http://localhost/swagger/index.html
User-Agent: Mozilla/5.0 (Macintosh; Intel Mac OS X 10_14_3) AppleWebKit/537.36 (KHTML, like Gecko) Chrome/75.0.3770.90 Safari/537.36


not yet registered swag
/Users/lvpeng/gospace/pkg/mod/github.com/swaggo/gin-swagger@v1.1.0/swagger.go:46 (0x15d5903)
	WrapHandler.func1: panic(err)
/Users/lvpeng/gospace/pkg/mod/github.com/gin-gonic/gin@v1.4.0/context.go:124 (0x153a289)
	(*Context).Next: c.handlers[c.index](c)
/Users/lvpeng/gospace/pkg/mod/github.com/gin-gonic/gin@v1.4.0/logger.go:240 (0x154c2d0)
	LoggerWithConfig.func1: c.Next()
/Users/lvpeng/gospace/pkg/mod/github.com/gin-gonic/gin@v1.4.0/context.go:124 (0x153a289)
	(*Context).Next: c.handlers[c.index](c)
/Users/lvpeng/gospace/pkg/mod/github.com/gin-gonic/gin@v1.4.0/recovery.go:83 (0x154d229)
	RecoveryWithWriter.func1: c.Next()
/Users/lvpeng/gospace/pkg/mod/github.com/gin-gonic/gin@v1.4.0/context.go:124 (0x153a289)
	(*Context).Next: c.handlers[c.index](c)
/Users/lvpeng/gospace/pkg/mod/github.com/gin-gonic/gin@v1.4.0/gin.go:389 (0x1543771)
	(*Engine).handleHTTPRequest: c.Next()
/Users/lvpeng/gospace/pkg/mod/github.com/gin-gonic/gin@v1.4.0/gin.go:351 (0x1542fa3)
	(*Engine).ServeHTTP: engine.handleHTTPRequest(c)
/usr/local/Cellar/go/1.12.6/libexec/src/net/http/server.go:2774 (0x1347297)
	serverHandler.ServeHTTP: handler.ServeHTTP(rw, req)
/usr/local/Cellar/go/1.12.6/libexec/src/net/http/server.go:1878 (0x1342e80)
	(*conn).serve: serverHandler{c.server}.ServeHTTP(w, w.req)
/usr/local/Cellar/go/1.12.6/libexec/src/runtime/asm_amd64.s:1337 (0x105a5a0)
	goexit: BYTE	$0x90	// NOP
[0m
[GIN] 2019/06/16 - 17:02:34 | 200 |     285.942µs |             ::1 | GET      /swagger/index.html
[GIN] 2019/06/16 - 17:02:34 | 200 |    8.735246ms |             ::1 | GET      /swagger/swagger-ui.css
[GIN] 2019/06/16 - 17:02:34 | 200 |    5.063983ms |             ::1 | GET      /swagger/swagger-ui-standalone-preset.js
[GIN] 2019/06/16 - 17:02:34 | 200 |  136.665832ms |             ::1 | GET      /swagger/swagger-ui-bundle.js


[31m2019/06/16 17:02:35 [Recovery] 2019/06/16 - 17:02:35 panic recovered:
GET /swagger/doc.json HTTP/1.1
Host: localhost
Accept: application/json,*/*
Accept-Encoding: gzip, deflate, br
Accept-Language: zh-CN,zh;q=0.9,en;q=0.8,it;q=0.7
Connection: keep-alive
Cookie: isAlert=false; theme=black; argsAlarmOnly=false; argelang=ch; trackerUser=%7B%22Id%22:1,%22Username%22:%22root%22,%22Token%22:%223805534f-6666-44dd-b3f1-2741e18a7a13%22,%22Roles%22:%5B%7B%22Id%22:1,%22Name%22:%22root%22%7D%5D%7D; trackerToken=%223805534f-6666-44dd-b3f1-2741e18a7a13%22; argetheme=night; IPAndPort={%22ip%22:%22192.168.1.175%22%2C%22port%22:%228080%22%2C%22test%22:false}; language=en-US; this.sid=s%3An7m3krWgzMNgZ5C_mbGsUD_cw_fCeira.tD9zMFFEmXTIvuRxM6jF%2BAWptwKFfQ%2B3dFQ%2B0UgFFW8; XSRF-TOKEN=BE2SMce1HP098533a20db893d3b38fda551c608bbf7893fe5c; agentbotlang=ch; _ga=GA1.1.458185009.1554365590; io=tE7r1qSn40Y6luYXAAAp; argesUser={%22user%22:{%22Id%22:1%2C%22Username%22:%22root%22%2C%22Token%22:%22910e8194-3684-46b1-a9dc-e48f3f0422cd%22%2C%22Roles%22:[{%22Id%22:1%2C%22Name%22:%22root%22}]}}
Referer: http://localhost/swagger/index.html
User-Agent: Mozilla/5.0 (Macintosh; Intel Mac OS X 10_14_3) AppleWebKit/537.36 (KHTML, like Gecko) Chrome/75.0.3770.90 Safari/537.36


not yet registered swag
/Users/lvpeng/gospace/pkg/mod/github.com/swaggo/gin-swagger@v1.1.0/swagger.go:46 (0x15d5903)
	WrapHandler.func1: panic(err)
/Users/lvpeng/gospace/pkg/mod/github.com/gin-gonic/gin@v1.4.0/context.go:124 (0x153a289)
	(*Context).Next: c.handlers[c.index](c)
/Users/lvpeng/gospace/pkg/mod/github.com/gin-gonic/gin@v1.4.0/logger.go:240 (0x154c2d0)
	LoggerWithConfig.func1: c.Next()
/Users/lvpeng/gospace/pkg/mod/github.com/gin-gonic/gin@v1.4.0/context.go:124 (0x153a289)
	(*Context).Next: c.handlers[c.index](c)
/Users/lvpeng/gospace/pkg/mod/github.com/gin-gonic/gin@v1.4.0/recovery.go:83 (0x154d229)
	RecoveryWithWriter.func1: c.Next()
/Users/lvpeng/gospace/pkg/mod/github.com/gin-gonic/gin@v1.4.0/context.go:124 (0x153a289)
	(*Context).Next: c.handlers[c.index](c)
/Users/lvpeng/gospace/pkg/mod/github.com/gin-gonic/gin@v1.4.0/gin.go:389 (0x1543771)
	(*Engine).handleHTTPRequest: c.Next()
/Users/lvpeng/gospace/pkg/mod/github.com/gin-gonic/gin@v1.4.0/gin.go:351 (0x1542fa3)
	(*Engine).ServeHTTP: engine.handleHTTPRequest(c)
/usr/local/Cellar/go/1.12.6/libexec/src/net/http/server.go:2774 (0x1347297)
	serverHandler.ServeHTTP: handler.ServeHTTP(rw, req)
/usr/local/Cellar/go/1.12.6/libexec/src/net/http/server.go:1878 (0x1342e80)
	(*conn).serve: serverHandler{c.server}.ServeHTTP(w, w.req)
/usr/local/Cellar/go/1.12.6/libexec/src/runtime/asm_amd64.s:1337 (0x105a5a0)
	goexit: BYTE	$0x90	// NOP
[0m
[GIN] 2019/06/16 - 17:02:35 | 200 |      79.447µs |             ::1 | GET      /swagger/favicon-32x32.png
2019/06/16 17:03:51 endless.go:341: 48368 Received SIGINT.
2019/06/16 17:03:51 endless.go:196: 48368 Waiting for connections to finish...
2019/06/16 17:03:51 endless.go:199: 48368 Serve() returning...
2019/06/16 17:03:51 main.go:33: Server err: accept tcp [::]:80: use of closed network connection
2019/06/16 17:07:46 main.go:27: Actual pid is 48971
[GIN] 2019/06/16 - 17:07:50 | 200 |     386.907µs |             ::1 | GET      /swagger/index.html
[GIN] 2019/06/16 - 17:07:50 | 200 |    5.854611ms |             ::1 | GET      /swagger/swagger-ui.css
[GIN] 2019/06/16 - 17:07:50 | 200 |    4.274371ms |             ::1 | GET      /swagger/swagger-ui-standalone-preset.js
[GIN] 2019/06/16 - 17:07:50 | 200 |  128.451138ms |             ::1 | GET      /swagger/swagger-ui-bundle.js
[GIN] 2019/06/16 - 17:07:51 | 200 |     208.043µs |             ::1 | GET      /swagger/doc.json
[GIN] 2019/06/16 - 17:07:51 | 200 |      48.707µs |             ::1 | GET      /swagger/favicon-32x32.png
[GIN] 2019/06/16 - 17:08:07 | 200 |      11.185µs |             ::1 | GET      /v1/users
[GIN] 2019/06/16 - 17:08:28 | 200 |     158.115µs |             ::1 | GET      /swagger/doc.json
[GIN] 2019/06/16 - 17:09:14 | 200 |     217.736µs |             ::1 | GET      /swagger/doc.json
2019/06/16 17:10:25 endless.go:341: 48971 Received SIGINT.
2019/06/16 17:10:25 endless.go:196: 48971 Waiting for connections to finish...
2019/06/16 17:10:25 endless.go:199: 48971 Serve() returning...
2019/06/16 17:10:25 main.go:33: Server err: accept tcp [::]:80: use of closed network connection
2019/06/16 17:17:26 main.go:27: Actual pid is 50179
[GIN] 2019/06/16 - 17:17:40 | 200 |    8.450626ms |             ::1 | GET      /swagger/swagger-ui.css
[GIN] 2019/06/16 - 17:17:40 | 200 |    6.749785ms |             ::1 | GET      /swagger/swagger-ui-standalone-preset.js
[GIN] 2019/06/16 - 17:17:40 | 200 |  131.369038ms |             ::1 | GET      /swagger/swagger-ui-bundle.js
[GIN] 2019/06/16 - 17:17:40 | 200 |     200.362µs |             ::1 | GET      /swagger/doc.json
[GIN] 2019/06/16 - 17:17:40 | 200 |      50.594µs |             ::1 | GET      /swagger/favicon-32x32.png
2019/06/16 17:18:05 endless.go:217: net.Listen error: listen tcp :80: bind: address already in use
2019/06/16 17:18:05 main.go:33: Server err: net.Listen error: listen tcp :80: bind: address already in use
2019/06/16 17:18:17 endless.go:341: 50179 Received SIGINT.
2019/06/16 17:18:17 endless.go:196: 50179 Waiting for connections to finish...
2019/06/16 17:18:17 endless.go:199: 50179 Serve() returning...
2019/06/16 17:18:17 main.go:33: Server err: accept tcp [::]:80: use of closed network connection
2019/06/16 17:18:22 main.go:27: Actual pid is 50248
[GIN] 2019/06/16 - 17:18:24 | 200 |     399.727µs |             ::1 | GET      /swagger/index.html
[GIN] 2019/06/16 - 17:18:25 | 200 |    5.800198ms |             ::1 | GET      /swagger/swagger-ui.css
[GIN] 2019/06/16 - 17:18:25 | 200 |    5.456208ms |             ::1 | GET      /swagger/swagger-ui-standalone-preset.js
[GIN] 2019/06/16 - 17:18:25 | 200 |  123.861732ms |             ::1 | GET      /swagger/swagger-ui-bundle.js
[GIN] 2019/06/16 - 17:18:25 | 200 |     251.541µs |             ::1 | GET      /swagger/doc.json
[GIN] 2019/06/16 - 17:18:25 | 200 |      56.121µs |             ::1 | GET      /swagger/favicon-32x32.png
2019/06/16 17:18:53 endless.go:341: 50248 Received SIGINT.
2019/06/16 17:18:53 endless.go:385: 50248 [::]:80 Listener closed.
2019/06/16 17:18:53 endless.go:196: 50248 Waiting for connections to finish...
2019/06/16 17:18:53 endless.go:199: 50248 Serve() returning...
2019/06/16 17:18:53 main.go:33: Server err: accept tcp [::]:80: use of closed network connection
2019/06/16 17:41:21 main.go:27: Actual pid is 52467
2019/06/16 17:41:26 endless.go:341: 52467 Received SIGINT.
2019/06/16 17:41:26 endless.go:196: 52467 Waiting for connections to finish...
2019/06/16 17:41:26 endless.go:199: 52467 Serve() returning...
2019/06/16 17:41:26 endless.go:385: 52467 [::]:80 Listener closed.
2019/06/16 17:41:26 main.go:33: Server err: accept tcp [::]:80: use of closed network connection
2019/06/16 17:56:17 main.go:27: Actual pid is 53991
2019/06/16 17:56:18 endless.go:341: 53991 Received SIGINT.
2019/06/16 17:56:18 endless.go:196: 53991 Waiting for connections to finish...
2019/06/16 17:56:18 endless.go:199: 53991 Serve() returning...
2019/06/16 17:56:18 main.go:33: Server err: accept tcp [::]:80: use of closed network connection
2019/06/16 17:56:18 endless.go:385: 53991 [::]:80 Listener closed.
2019/06/16 17:56:33 main.go:27: Actual pid is 54014
[GIN] 2019/06/16 - 17:56:37 | 200 |       464.9µs |             ::1 | GET      /swagger/index.html
[GIN] 2019/06/16 - 17:56:37 | 200 |   10.744293ms |             ::1 | GET      /swagger/swagger-ui.css
[GIN] 2019/06/16 - 17:56:37 | 200 |   13.098882ms |             ::1 | GET      /swagger/swagger-ui-standalone-preset.js
[GIN] 2019/06/16 - 17:56:37 | 200 |  138.084914ms |             ::1 | GET      /swagger/swagger-ui-bundle.js
[GIN] 2019/06/16 - 17:56:38 | 200 |     195.802µs |             ::1 | GET      /swagger/doc.json
[GIN] 2019/06/16 - 17:56:38 | 200 |      61.258µs |             ::1 | GET      /swagger/favicon-32x32.png
[GIN] 2019/06/16 - 17:57:07 | 200 |      60.825µs |             ::1 | GET      /swagger/index.html
[GIN] 2019/06/16 - 17:57:07 | 304 |      34.472µs |             ::1 | GET      /swagger/swagger-ui.css
[GIN] 2019/06/16 - 17:57:07 | 304 |      37.455µs |             ::1 | GET      /swagger/swagger-ui-bundle.js
[GIN] 2019/06/16 - 17:57:07 | 304 |      96.667µs |             ::1 | GET      /swagger/swagger-ui-standalone-preset.js
[GIN] 2019/06/16 - 17:57:08 | 200 |     147.214µs |             ::1 | GET      /swagger/doc.json
[GIN] 2019/06/16 - 17:57:12 | 404 |      13.048µs |             ::1 | GET      /swagger/index.htm
[GIN] 2019/06/16 - 17:57:16 | 200 |      64.358µs |             ::1 | GET      /swagger/index.html
[GIN] 2019/06/16 - 17:57:16 | 304 |       39.03µs |             ::1 | GET      /swagger/swagger-ui-standalone-preset.js
[GIN] 2019/06/16 - 17:57:16 | 304 |      35.938µs |             ::1 | GET      /swagger/swagger-ui-bundle.js
[GIN] 2019/06/16 - 17:57:16 | 304 |      34.772µs |             ::1 | GET      /swagger/swagger-ui.css
[GIN] 2019/06/16 - 17:57:16 | 200 |     397.331µs |             ::1 | GET      /swagger/doc.json
[GIN] 2019/06/16 - 17:57:29 | 200 |       64.63µs |             ::1 | GET      /swagger/index.html
[GIN] 2019/06/16 - 17:57:29 | 304 |      36.996µs |             ::1 | GET      /swagger/swagger-ui-bundle.js
[GIN] 2019/06/16 - 17:57:29 | 304 |      23.117µs |             ::1 | GET      /swagger/swagger-ui-standalone-preset.js
[GIN] 2019/06/16 - 17:57:29 | 304 |      27.937µs |             ::1 | GET      /swagger/swagger-ui.css
[GIN] 2019/06/16 - 17:57:29 | 200 |     104.192µs |             ::1 | GET      /swagger/doc.json
[GIN] 2019/06/16 - 17:57:29 | 200 |     116.915µs |             ::1 | GET      /swagger/favicon-32x32.png
2019/06/16 18:19:28 endless.go:341: 54014 Received SIGINT.
2019/06/16 18:19:28 endless.go:196: 54014 Waiting for connections to finish...
2019/06/16 18:19:28 endless.go:199: 54014 Serve() returning...
2019/06/16 18:19:28 main.go:33: Server err: accept tcp [::]:80: use of closed network connection
2019/06/16 18:19:28 endless.go:385: 54014 [::]:80 Listener closed.
2019/06/16 19:37:05 main.go:27: Actual pid is 54077
2019/06/16 19:37:07 endless.go:341: 54077 Received SIGINT.
2019/06/16 19:37:07 endless.go:196: 54077 Waiting for connections to finish...
2019/06/16 19:37:07 endless.go:199: 54077 Serve() returning...
2019/06/16 19:37:07 main.go:33: Server err: accept tcp [::]:80: use of closed network connection
2019/06/16 19:40:38 main.go:27: Actual pid is 54698
[GIN] 2019/06/16 - 19:40:42 | 200 |     643.307µs |             ::1 | GET      /swagger/index.html
[GIN] 2019/06/16 - 19:40:42 | 200 |    9.832277ms |             ::1 | GET      /swagger/swagger-ui.css
[GIN] 2019/06/16 - 19:40:42 | 200 |    7.921623ms |             ::1 | GET      /swagger/swagger-ui-standalone-preset.js
[GIN] 2019/06/16 - 19:40:42 | 200 |  137.868838ms |             ::1 | GET      /swagger/swagger-ui-bundle.js
[GIN] 2019/06/16 - 19:40:43 | 200 |     210.619µs |             ::1 | GET      /swagger/doc.json
[GIN] 2019/06/16 - 19:40:43 | 200 |      65.539µs |             ::1 | GET      /swagger/favicon-32x32.png
2019/06/16 19:44:04 endless.go:341: 54698 Received SIGINT.
2019/06/16 19:44:04 endless.go:196: 54698 Waiting for connections to finish...
2019/06/16 19:44:04 endless.go:199: 54698 Serve() returning...
2019/06/16 19:44:04 main.go:33: Server err: accept tcp [::]:80: use of closed network connection
2019/06/16 19:47:09 main.go:33: Actual pid is 55035
[GIN] 2019/06/16 - 19:47:22 | 200 |     422.367µs |             ::1 | GET      /swagger/index.html
[GIN] 2019/06/16 - 19:47:22 | 200 |    8.095453ms |             ::1 | GET      /swagger/swagger-ui.css
[GIN] 2019/06/16 - 19:47:22 | 200 |    3.706755ms |             ::1 | GET      /swagger/swagger-ui-standalone-preset.js
[GIN] 2019/06/16 - 19:47:22 | 200 |  128.456405ms |             ::1 | GET      /swagger/swagger-ui-bundle.js
[GIN] 2019/06/16 - 19:47:22 | 200 |     222.567µs |             ::1 | GET      /swagger/doc.json
[GIN] 2019/06/16 - 19:47:22 | 200 |      50.506µs |             ::1 | GET      /swagger/favicon-32x32.png
[GIN] 2019/06/16 - 19:47:24 | 200 |      48.403µs |             ::1 | GET      /swagger/index.html
[GIN] 2019/06/16 - 19:47:24 | 304 |      38.618µs |             ::1 | GET      /swagger/swagger-ui-standalone-preset.js
[GIN] 2019/06/16 - 19:47:24 | 304 |      35.558µs |             ::1 | GET      /swagger/swagger-ui-bundle.js
[GIN] 2019/06/16 - 19:47:24 | 304 |      33.861µs |             ::1 | GET      /swagger/swagger-ui.css
[GIN] 2019/06/16 - 19:47:24 | 200 |     129.453µs |             ::1 | GET      /swagger/doc.json
[GIN] 2019/06/16 - 19:47:24 | 200 |      57.749µs |             ::1 | GET      /swagger/favicon-32x32.png
2019/06/16 19:48:19 endless.go:341: 55035 Received SIGINT.
2019/06/16 19:48:19 endless.go:196: 55035 Waiting for connections to finish...
2019/06/16 19:48:19 endless.go:199: 55035 Serve() returning...
2019/06/16 19:48:19 main.go:39: Server err: accept tcp [::]:80: use of closed network connection
2019/06/16 19:48:42 main.go:32: Actual pid is 55129
[GIN] 2019/06/16 - 19:48:43 | 200 |     527.618µs |             ::1 | GET      /swagger/index.html
[GIN] 2019/06/16 - 19:48:43 | 200 |    8.356941ms |             ::1 | GET      /swagger/swagger-ui.css
[GIN] 2019/06/16 - 19:48:43 | 200 |     588.475µs |             ::1 | GET      /swagger/swagger-ui-standalone-preset.js
[GIN] 2019/06/16 - 19:48:43 | 200 |  129.639264ms |             ::1 | GET      /swagger/swagger-ui-bundle.js
[GIN] 2019/06/16 - 19:48:43 | 200 |     220.812µs |             ::1 | GET      /swagger/doc.json
[GIN] 2019/06/16 - 19:48:43 | 200 |       49.79µs |             ::1 | GET      /swagger/favicon-32x32.png
2019/06/16 19:48:50 endless.go:341: 55129 Received SIGINT.
2019/06/16 19:48:50 endless.go:196: 55129 Waiting for connections to finish...
2019/06/16 19:48:50 endless.go:385: 55129 [::]:80 Listener closed.
2019/06/16 19:48:50 endless.go:199: 55129 Serve() returning...
2019/06/16 19:48:50 main.go:38: Server err: accept tcp [::]:80: use of closed network connection
2019/06/16 19:49:19 main.go:29: Actual pid is 55227
[GIN] 2019/06/16 - 19:49:21 | 200 |     351.994µs |             ::1 | GET      /swagger/index.html
[GIN] 2019/06/16 - 19:49:21 | 200 |   13.443407ms |             ::1 | GET      /swagger/swagger-ui.css
[GIN] 2019/06/16 - 19:49:21 | 200 |     3.81771ms |             ::1 | GET      /swagger/swagger-ui-standalone-preset.js
[GIN] 2019/06/16 - 19:49:21 | 200 |   120.18246ms |             ::1 | GET      /swagger/swagger-ui-bundle.js
[GIN] 2019/06/16 - 19:49:21 | 200 |      200.57µs |             ::1 | GET      /swagger/doc.json
[GIN] 2019/06/16 - 19:49:21 | 200 |     115.531µs |             ::1 | GET      /swagger/favicon-32x32.png
[GIN] 2019/06/16 - 19:49:22 | 200 |      49.941µs |             ::1 | GET      /swagger/index.html
[GIN] 2019/06/16 - 19:49:22 | 304 |     263.427µs |             ::1 | GET      /swagger/swagger-ui-standalone-preset.js
[GIN] 2019/06/16 - 19:49:22 | 304 |      33.131µs |             ::1 | GET      /swagger/swagger-ui.css
[GIN] 2019/06/16 - 19:49:22 | 304 |      95.721µs |             ::1 | GET      /swagger/swagger-ui-bundle.js
[GIN] 2019/06/16 - 19:49:23 | 200 |     100.915µs |             ::1 | GET      /swagger/doc.json
[GIN] 2019/06/16 - 19:49:23 | 200 |      60.325µs |             ::1 | GET      /swagger/favicon-32x32.png
2019/06/16 19:50:40 endless.go:341: 55227 Received SIGINT.
2019/06/16 19:50:40 endless.go:196: 55227 Waiting for connections to finish...
2019/06/16 19:50:40 endless.go:199: 55227 Serve() returning...
2019/06/16 19:50:40 endless.go:385: 55227 [::]:80 Listener closed.
2019/06/16 19:50:40 main.go:35: Server err: accept tcp [::]:80: use of closed network connection
2019/06/16 19:52:39 main.go:29: Actual pid is 55679
2019/06/16 19:52:41 endless.go:341: 55679 Received SIGINT.
2019/06/16 19:52:41 endless.go:196: 55679 Waiting for connections to finish...
2019/06/16 19:52:41 endless.go:199: 55679 Serve() returning...
2019/06/16 19:52:41 endless.go:385: 55679 [::]:80 Listener closed.
2019/06/16 19:52:41 main.go:35: Server err: accept tcp [::]:80: use of closed network connection
2019/06/16 19:52:49 main.go:29: Actual pid is 55696
[GIN] 2019/06/16 - 19:52:52 | 200 |     349.764µs |             ::1 | GET      /swagger/index.html
[GIN] 2019/06/16 - 19:52:52 | 200 |     1.40872ms |             ::1 | GET      /swagger/swagger-ui-standalone-preset.js
[GIN] 2019/06/16 - 19:52:52 | 200 |     8.04314ms |             ::1 | GET      /swagger/swagger-ui.css
[GIN] 2019/06/16 - 19:52:52 | 200 |  124.449652ms |             ::1 | GET      /swagger/swagger-ui-bundle.js
[GIN] 2019/06/16 - 19:52:53 | 200 |     341.235µs |             ::1 | GET      /swagger/doc.json
[GIN] 2019/06/16 - 19:52:53 | 200 |      84.545µs |             ::1 | GET      /swagger/favicon-32x32.png
[GIN] 2019/06/16 - 19:55:08 | 200 |      117.47µs |             ::1 | GET      /swagger/index.html
[GIN] 2019/06/16 - 19:55:08 | 200 |     179.961µs |             ::1 | GET      /swagger/swagger-ui.css
[GIN] 2019/06/16 - 19:55:08 | 200 |    1.911094ms |             ::1 | GET      /swagger/swagger-ui-standalone-preset.js
[GIN] 2019/06/16 - 19:55:08 | 200 |  125.017662ms |             ::1 | GET      /swagger/swagger-ui-bundle.js
[GIN] 2019/06/16 - 19:55:09 | 200 |     183.036µs |             ::1 | GET      /swagger/doc.json
[GIN] 2019/06/16 - 19:55:09 | 200 |      64.576µs |             ::1 | GET      /swagger/favicon-32x32.png
2019/06/16 19:55:15 endless.go:341: 55696 Received SIGINT.
2019/06/16 19:55:15 endless.go:196: 55696 Waiting for connections to finish...
2019/06/16 19:55:15 endless.go:199: 55696 Serve() returning...
2019/06/16 19:55:15 main.go:35: Server err: accept tcp [::]:80: use of closed network connection
2019/06/16 19:55:15 endless.go:385: 55696 [::]:80 Listener closed.
2019/06/16 19:55:18 main.go:29: Actual pid is 55897
[GIN] 2019/06/16 - 19:55:19 | 200 |     396.887µs |             ::1 | GET      /swagger/index.html
[GIN] 2019/06/16 - 19:55:20 | 200 |     345.682µs |             ::1 | GET      /swagger/doc.json
[GIN] 2019/06/16 - 19:55:20 | 200 |      59.642µs |             ::1 | GET      /swagger/index.html
[GIN] 2019/06/16 - 19:55:20 | 200 |    4.207061ms |             ::1 | GET      /swagger/favicon-32x32.png
[GIN] 2019/06/16 - 19:55:20 | 200 |     325.088µs |             ::1 | GET      /swagger/favicon-16x16.png
[GIN] 2019/06/16 - 19:55:20 | 200 |     267.771µs |             ::1 | GET      /swagger/doc.json
[GIN] 2019/06/16 - 19:55:20 | 304 |      81.477µs |             ::1 | GET      /swagger/favicon-32x32.png
2019/06/16 19:55:54 endless.go:341: 55897 Received SIGINT.
2019/06/16 19:55:54 endless.go:196: 55897 Waiting for connections to finish...
2019/06/16 19:55:54 endless.go:199: 55897 Serve() returning...
2019/06/16 19:55:54 main.go:35: Server err: accept tcp [::]:80: use of closed network connection
2019/06/16 19:55:54 endless.go:385: 55897 [::]:80 Listener closed.
2019/06/16 19:55:58 main.go:29: Actual pid is 55983
[GIN] 2019/06/16 - 19:56:00 | 200 |     400.791µs |             ::1 | GET      /swagger/index.html
[GIN] 2019/06/16 - 19:56:00 | 200 |    9.627048ms |             ::1 | GET      /swagger/swagger-ui.css
[GIN] 2019/06/16 - 19:56:00 | 200 |    7.628505ms |             ::1 | GET      /swagger/swagger-ui-standalone-preset.js
[GIN] 2019/06/16 - 19:56:00 | 200 |  129.170412ms |             ::1 | GET      /swagger/swagger-ui-bundle.js
[GIN] 2019/06/16 - 19:56:01 | 200 |     204.689µs |             ::1 | GET      /swagger/doc.json
[GIN] 2019/06/16 - 19:56:01 | 200 |      67.487µs |             ::1 | GET      /swagger/favicon-32x32.png
[GIN] 2019/06/16 - 19:56:02 | 200 |      58.335µs |             ::1 | GET      /swagger/index.html
[GIN] 2019/06/16 - 19:56:02 | 200 |     230.406µs |             ::1 | GET      /swagger/swagger-ui.css
[GIN] 2019/06/16 - 19:56:02 | 200 |    2.587984ms |             ::1 | GET      /swagger/swagger-ui-standalone-preset.js
[GIN] 2019/06/16 - 19:56:02 | 200 |   78.704321ms |             ::1 | GET      /swagger/swagger-ui-bundle.js
[GIN] 2019/06/16 - 19:56:02 | 200 |     117.218µs |             ::1 | GET      /swagger/doc.json
[GIN] 2019/06/16 - 19:56:02 | 200 |      144.72µs |             ::1 | GET      /swagger/favicon-32x32.png
2019/06/16 19:57:52 endless.go:341: 55983 Received SIGINT.
2019/06/16 19:57:52 endless.go:196: 55983 Waiting for connections to finish...
2019/06/16 19:57:52 endless.go:199: 55983 Serve() returning...
2019/06/16 19:57:52 endless.go:385: 55983 [::]:80 Listener closed.
2019/06/16 19:57:52 main.go:35: Server err: accept tcp [::]:80: use of closed network connection
2019/06/16 20:22:24 main.go:29: Actual pid is 56565
[GIN] 2019/06/16 - 20:22:26 | 200 |     399.413µs |             ::1 | GET      /swagger/index.html
[GIN] 2019/06/16 - 20:22:26 | 200 |    5.701422ms |             ::1 | GET      /swagger/swagger-ui.css
[GIN] 2019/06/16 - 20:22:26 | 200 |       4.743ms |             ::1 | GET      /swagger/swagger-ui-standalone-preset.js
[GIN] 2019/06/16 - 20:22:27 | 200 |  128.973047ms |             ::1 | GET      /swagger/swagger-ui-bundle.js
[GIN] 2019/06/16 - 20:22:27 | 200 |     256.859µs |             ::1 | GET      /swagger/doc.json
[GIN] 2019/06/16 - 20:22:27 | 200 |       57.63µs |             ::1 | GET      /swagger/favicon-32x32.png
[GIN] 2019/06/16 - 20:22:40 | 200 |      53.421µs |             ::1 | GET      /swagger/index.html
[GIN] 2019/06/16 - 20:22:40 | 304 |       36.94µs |             ::1 | GET      /swagger/swagger-ui.css
[GIN] 2019/06/16 - 20:22:40 | 304 |      43.275µs |             ::1 | GET      /swagger/swagger-ui-standalone-preset.js
[GIN] 2019/06/16 - 20:22:40 | 304 |      50.457µs |             ::1 | GET      /swagger/swagger-ui-bundle.js
[GIN] 2019/06/16 - 20:22:40 | 200 |     153.867µs |             ::1 | GET      /swagger/doc.json
[GIN] 2019/06/16 - 20:22:40 | 200 |      97.235µs |             ::1 | GET      /swagger/favicon-32x32.png
2019/06/17 09:07:12 endless.go:341: 56565 Received SIGINT.
2019/06/17 09:07:12 endless.go:196: 56565 Waiting for connections to finish...
2019/06/17 09:07:12 endless.go:199: 56565 Serve() returning...
2019/06/17 09:07:12 main.go:35: Server err: accept tcp [::]:80: use of closed network connection
2019/06/17 09:07:12 endless.go:385: 56565 [::]:80 Listener closed.
