2019/06/17 17:39:11 main.go:29: Actual pid is 68404
2019/06/17 17:40:05 endless.go:341: 68404 Received SIGINT.
2019/06/17 17:40:05 endless.go:196: 68404 Waiting for connections to finish...
2019/06/17 17:40:05 endless.go:199: 68404 Serve() returning...
2019/06/17 17:40:05 endless.go:385: 68404 [::]:80 Listener closed.
2019/06/17 17:40:05 main.go:35: Server err: accept tcp [::]:80: use of closed network connection
2019/06/17 17:40:40 main.go:29: Actual pid is 68534
2019/06/17 17:44:42 endless.go:341: 68534 Received SIGINT.
2019/06/17 17:44:42 endless.go:196: 68534 Waiting for connections to finish...
2019/06/17 17:44:42 endless.go:199: 68534 Serve() returning...
2019/06/17 17:44:42 main.go:35: Server err: accept tcp [::]:80: use of closed network connection
2019/06/17 17:45:02 main.go:29: Actual pid is 68581
2019/06/17 17:45:35 endless.go:341: 68581 Received SIGINT.
2019/06/17 17:45:35 endless.go:196: 68581 Waiting for connections to finish...
2019/06/17 17:45:35 endless.go:199: 68581 Serve() returning...
2019/06/17 17:45:35 main.go:35: Server err: accept tcp [::]:80: use of closed network connection
2019/06/17 17:45:35 endless.go:385: 68581 [::]:80 Listener closed.
2019/06/17 17:49:07 main.go:29: Actual pid is 69125
2019/06/17 17:53:47 endless.go:341: 69125 Received SIGINT.
2019/06/17 17:53:47 endless.go:196: 69125 Waiting for connections to finish...
2019/06/17 17:53:47 endless.go:199: 69125 Serve() returning...
2019/06/17 17:53:47 main.go:35: Server err: accept tcp [::]:80: use of closed network connection
2019/06/17 17:53:47 endless.go:385: 69125 [::]:80 Listener closed.
2019/06/17 17:54:12 main.go:29: Actual pid is 69152
2019/06/17 17:54:14 endless.go:341: 69152 Received SIGINT.
2019/06/17 17:54:14 endless.go:196: 69152 Waiting for connections to finish...
2019/06/17 17:54:14 endless.go:385: 69152 [::]:80 Listener closed.
2019/06/17 17:54:14 endless.go:199: 69152 Serve() returning...
2019/06/17 17:54:14 main.go:35: Server err: accept tcp [::]:80: use of closed network connection
2019/06/17 20:11:32 main.go:29: Actual pid is 77328
[GIN] 2019/06/17 - 20:11:38 | 200 |     478.245µs |             ::1 | GET      /swagger/index.html
[GIN] 2019/06/17 - 20:11:38 | 200 |    9.085633ms |             ::1 | GET      /swagger/swagger-ui-standalone-preset.js
[GIN] 2019/06/17 - 20:11:38 | 200 |    7.861554ms |             ::1 | GET      /swagger/swagger-ui.css
[GIN] 2019/06/17 - 20:11:39 | 200 |  156.218739ms |             ::1 | GET      /swagger/swagger-ui-bundle.js
[GIN] 2019/06/17 - 20:11:39 | 200 |      272.87µs |             ::1 | GET      /swagger/doc.json
[GIN] 2019/06/17 - 20:11:39 | 200 |      53.458µs |             ::1 | GET      /swagger/favicon-32x32.png
[GIN] 2019/06/17 - 20:11:39 | 200 |      71.854µs |             ::1 | GET      /swagger/index.html
[GIN] 2019/06/17 - 20:11:39 | 304 |      57.799µs |             ::1 | GET      /swagger/swagger-ui-standalone-preset.js
[GIN] 2019/06/17 - 20:11:39 | 304 |      33.688µs |             ::1 | GET      /swagger/swagger-ui-bundle.js
[GIN] 2019/06/17 - 20:11:39 | 304 |      31.578µs |             ::1 | GET      /swagger/swagger-ui.css
[GIN] 2019/06/17 - 20:11:40 | 200 |     171.014µs |             ::1 | GET      /swagger/doc.json
[GIN] 2019/06/17 - 20:11:40 | 200 |      62.767µs |             ::1 | GET      /swagger/favicon-32x32.png
2019/06/17 20:12:28 endless.go:341: 77328 Received SIGINT.
2019/06/17 20:12:28 endless.go:385: 77328 [::]:80 Listener closed.
2019/06/17 20:12:28 endless.go:196: 77328 Waiting for connections to finish...
2019/06/17 20:12:28 endless.go:199: 77328 Serve() returning...
2019/06/17 20:12:28 main.go:35: Server err: accept tcp [::]:80: use of closed network connection
2019/06/17 20:12:50 main.go:29: Actual pid is 77392
[GIN] 2019/06/17 - 20:12:55 | 200 |      376.68µs |             ::1 | GET      /swagger/index.html
[GIN] 2019/06/17 - 20:12:55 | 200 |   13.532561ms |             ::1 | GET      /swagger/swagger-ui-standalone-preset.js
[GIN] 2019/06/17 - 20:12:55 | 200 |   10.529467ms |             ::1 | GET      /swagger/swagger-ui.css
[GIN] 2019/06/17 - 20:12:55 | 200 |  141.823291ms |             ::1 | GET      /swagger/swagger-ui-bundle.js
[GIN] 2019/06/17 - 20:12:56 | 200 |      261.04µs |             ::1 | GET      /swagger/doc.json
[GIN] 2019/06/17 - 20:12:56 | 200 |      93.555µs |             ::1 | GET      /swagger/favicon-32x32.png
2019/06/17 20:14:29 endless.go:341: 77392 Received SIGINT.
2019/06/17 20:14:29 endless.go:196: 77392 Waiting for connections to finish...
2019/06/17 20:14:29 endless.go:199: 77392 Serve() returning...
2019/06/17 20:14:29 main.go:35: Server err: accept tcp [::]:80: use of closed network connection
2019/06/17 20:14:29 endless.go:385: 77392 [::]:80 Listener closed.
2019/06/17 20:16:20 main.go:29: Actual pid is 77789
2019/06/17 20:16:21 endless.go:341: 77789 Received SIGINT.
2019/06/17 20:16:21 endless.go:196: 77789 Waiting for connections to finish...
2019/06/17 20:16:21 endless.go:385: 77789 [::]:80 Listener closed.
2019/06/17 20:16:21 endless.go:199: 77789 Serve() returning...
2019/06/17 20:16:21 main.go:35: Server err: accept tcp [::]:80: use of closed network connection
2019/06/17 20:16:29 main.go:29: Actual pid is 77807
[GIN] 2019/06/17 - 20:16:30 | 200 |      418.25µs |             ::1 | GET      /swagger/index.html
[GIN] 2019/06/17 - 20:16:30 | 200 |    7.873976ms |             ::1 | GET      /swagger/swagger-ui.css
[GIN] 2019/06/17 - 20:16:30 | 200 |    9.029559ms |             ::1 | GET      /swagger/swagger-ui-standalone-preset.js
[GIN] 2019/06/17 - 20:16:30 | 200 |  158.812718ms |             ::1 | GET      /swagger/swagger-ui-bundle.js
[GIN] 2019/06/17 - 20:16:32 | 200 |     194.702µs |             ::1 | GET      /swagger/doc.json
[GIN] 2019/06/17 - 20:16:32 | 200 |      107.36µs |             ::1 | GET      /swagger/favicon-32x32.png


[31m2019/06/17 20:16:49 [Recovery] 2019/06/17 - 20:16:49 panic recovered:
POST /v1/role/add HTTP/1.1
Host: localhost
Accept: application/json
Accept-Encoding: gzip, deflate, br
Accept-Language: zh-CN,zh;q=0.9,en;q=0.8,it;q=0.7
Connection: keep-alive
Content-Length: 24
Content-Type: application/json
Cookie: isAlert=false; theme=black; argsAlarmOnly=false; argelang=ch; trackerUser=%7B%22Id%22:1,%22Username%22:%22root%22,%22Token%22:%223805534f-6666-44dd-b3f1-2741e18a7a13%22,%22Roles%22:%5B%7B%22Id%22:1,%22Name%22:%22root%22%7D%5D%7D; trackerToken=%223805534f-6666-44dd-b3f1-2741e18a7a13%22; argetheme=night; IPAndPort={%22ip%22:%22192.168.1.175%22%2C%22port%22:%228080%22%2C%22test%22:false}; language=en-US; this.sid=s%3An7m3krWgzMNgZ5C_mbGsUD_cw_fCeira.tD9zMFFEmXTIvuRxM6jF%2BAWptwKFfQ%2B3dFQ%2B0UgFFW8; XSRF-TOKEN=BE2SMce1HP098533a20db893d3b38fda551c608bbf7893fe5c; agentbotlang=ch; _ga=GA1.1.458185009.1554365590; io=tE7r1qSn40Y6luYXAAAp; argesUser={%22user%22:{%22Id%22:1%2C%22Username%22:%22root%22%2C%22Token%22:%22910e8194-3684-46b1-a9dc-e48f3f0422cd%22%2C%22Roles%22:[{%22Id%22:1%2C%22Name%22:%22root%22}]}}
Origin: http://localhost
Referer: http://localhost/swagger/index.html
User-Agent: Mozilla/5.0 (Macintosh; Intel Mac OS X 10_14_3) AppleWebKit/537.36 (KHTML, like Gecko) Chrome/75.0.3770.90 Safari/537.36


runtime error: invalid memory address or nil pointer dereference
/usr/local/Cellar/go/1.12.6/libexec/src/runtime/panic.go:82 (0x1042820)
	panicmem: panic(memoryError)
/usr/local/Cellar/go/1.12.6/libexec/src/runtime/signal_unix.go:390 (0x104264f)
	sigpanic: panicmem()
/Users/lvpeng/gospace/pkg/mod/github.com/jmoiron/sqlx@v1.2.0/sqlx.go:343 (0x12bd775)
	(*DB).Beginx: tx, err := db.DB.Begin()
/Users/lvpeng/gospace/pkg/mod/github.com/jmoiron/sqlx@v1.2.0/sqlx.go:334 (0x12c921f)
	(*DB).MustBegin: tx, err := db.Beginx()
/Users/lvpeng/eme/models/role.go:14 (0x12c920f)
	RoleAdd: tx := DB.MustBegin()
/Users/lvpeng/eme/controllers/role.go:24 (0x1554bba)
	RoleAdd: id, err := models.RoleAdd(&role)
/Users/lvpeng/gospace/pkg/mod/github.com/gin-gonic/gin@v1.4.0/context.go:124 (0x153f4b9)
	(*Context).Next: c.handlers[c.index](c)
/Users/lvpeng/gospace/pkg/mod/github.com/gin-gonic/gin@v1.4.0/logger.go:240 (0x1551500)
	LoggerWithConfig.func1: c.Next()
/Users/lvpeng/gospace/pkg/mod/github.com/gin-gonic/gin@v1.4.0/context.go:124 (0x153f4b9)
	(*Context).Next: c.handlers[c.index](c)
/Users/lvpeng/gospace/pkg/mod/github.com/gin-gonic/gin@v1.4.0/recovery.go:83 (0x1552459)
	RecoveryWithWriter.func1: c.Next()
/Users/lvpeng/gospace/pkg/mod/github.com/gin-gonic/gin@v1.4.0/context.go:124 (0x153f4b9)
	(*Context).Next: c.handlers[c.index](c)
/Users/lvpeng/gospace/pkg/mod/github.com/gin-gonic/gin@v1.4.0/gin.go:389 (0x15489a1)
	(*Engine).handleHTTPRequest: c.Next()
/Users/lvpeng/gospace/pkg/mod/github.com/gin-gonic/gin@v1.4.0/gin.go:351 (0x15481d3)
	(*Engine).ServeHTTP: engine.handleHTTPRequest(c)
/usr/local/Cellar/go/1.12.6/libexec/src/net/http/server.go:2774 (0x134c4c7)
	serverHandler.ServeHTTP: handler.ServeHTTP(rw, req)
/usr/local/Cellar/go/1.12.6/libexec/src/net/http/server.go:1878 (0x13480b0)
	(*conn).serve: serverHandler{c.server}.ServeHTTP(w, w.req)
/usr/local/Cellar/go/1.12.6/libexec/src/runtime/asm_amd64.s:1337 (0x105a5a0)
	goexit: BYTE	$0x90	// NOP
[0m
2019/06/18 08:47:22 endless.go:341: 77807 Received SIGINT.
2019/06/18 08:47:22 endless.go:196: 77807 Waiting for connections to finish...
2019/06/18 08:47:22 endless.go:199: 77807 Serve() returning...
2019/06/18 08:47:22 main.go:35: Server err: accept tcp [::]:80: use of closed network connection
