2019/06/20 10:13:21 /Users/lvpeng/gospace/pkg/mod/github.com/fvbock/endless@v0.0.0-20170109170031-447134032cb6/endless.go:341: 24861 Received SIGINT.
2019/06/20 10:13:21 /Users/lvpeng/gospace/pkg/mod/github.com/fvbock/endless@v0.0.0-20170109170031-447134032cb6/endless.go:196: 24861 Waiting for connections to finish...
2019/06/20 10:13:21 /Users/lvpeng/gospace/pkg/mod/github.com/fvbock/endless@v0.0.0-20170109170031-447134032cb6/endless.go:385: 24861 [::]:80 Listener closed.
2019/06/20 10:13:23 /Users/lvpeng/gospace/pkg/mod/github.com/fvbock/endless@v0.0.0-20170109170031-447134032cb6/endless.go:341: 24861 Received SIGINT.
2019/06/20 10:13:23 /Users/lvpeng/gospace/pkg/mod/github.com/fvbock/endless@v0.0.0-20170109170031-447134032cb6/endless.go:341: 24861 Received SIGINT.
2019/06/20 10:13:23 /Users/lvpeng/gospace/pkg/mod/github.com/fvbock/endless@v0.0.0-20170109170031-447134032cb6/endless.go:341: 24861 Received SIGINT.
2019/06/20 10:13:24 /Users/lvpeng/gospace/pkg/mod/github.com/fvbock/endless@v0.0.0-20170109170031-447134032cb6/endless.go:341: 24861 Received SIGINT.
2019/06/20 10:13:24 /Users/lvpeng/gospace/pkg/mod/github.com/fvbock/endless@v0.0.0-20170109170031-447134032cb6/endless.go:341: 24861 Received SIGINT.
2019/06/20 10:13:35 /Users/lvpeng/gospace/pkg/mod/github.com/fvbock/endless@v0.0.0-20170109170031-447134032cb6/endless.go:341: 24861 Received SIGINT.
2019/06/20 10:13:35 /Users/lvpeng/gospace/pkg/mod/github.com/fvbock/endless@v0.0.0-20170109170031-447134032cb6/endless.go:341: 24861 Received SIGINT.
2019/06/20 10:13:36 /Users/lvpeng/gospace/pkg/mod/github.com/fvbock/endless@v0.0.0-20170109170031-447134032cb6/endless.go:341: 24861 Received SIGINT.
2019/06/20 10:13:36 /Users/lvpeng/gospace/pkg/mod/github.com/fvbock/endless@v0.0.0-20170109170031-447134032cb6/endless.go:341: 24861 Received SIGINT.
2019/06/20 10:13:36 /Users/lvpeng/gospace/pkg/mod/github.com/fvbock/endless@v0.0.0-20170109170031-447134032cb6/endless.go:341: 24861 Received SIGINT.
2019/06/20 10:13:39 /Users/lvpeng/gospace/pkg/mod/github.com/fvbock/endless@v0.0.0-20170109170031-447134032cb6/endless.go:341: 24861 Received SIGINT.
2019/06/20 10:13:39 /Users/lvpeng/gospace/pkg/mod/github.com/fvbock/endless@v0.0.0-20170109170031-447134032cb6/endless.go:341: 24861 Received SIGINT.
2019/06/20 10:13:40 /Users/lvpeng/gospace/pkg/mod/github.com/fvbock/endless@v0.0.0-20170109170031-447134032cb6/endless.go:341: 24861 Received SIGINT.
2019/06/20 10:13:42 /Users/lvpeng/gospace/pkg/mod/github.com/fvbock/endless@v0.0.0-20170109170031-447134032cb6/endless.go:199: 24861 Serve() returning...
2019/06/20 10:13:42 /Users/lvpeng/eme/main.go:36: Server err: accept tcp [::]:80: use of closed network connection
2019/06/20 10:13:57 /Users/lvpeng/eme/main.go:30: Actual pid is 25509
[GIN] 2019/06/20 - 10:14:01 | 200 |    1.741045ms |             ::1 | GET      /swagger/index.html
[GIN] 2019/06/20 - 10:14:01 | 200 |     385.616µs |             ::1 | GET      /swagger/doc.json
[GIN] 2019/06/20 - 10:14:02 | 200 |    7.693601ms |             ::1 | GET      /swagger/favicon-32x32.png
[GIN] 2019/06/20 - 10:15:15 | 200 |      258.51µs |             ::1 | POST     /v1/users
2019/06/20 10:24:06 /Users/lvpeng/gospace/pkg/mod/github.com/fvbock/endless@v0.0.0-20170109170031-447134032cb6/endless.go:341: 25509 Received SIGINT.
2019/06/20 10:24:06 /Users/lvpeng/gospace/pkg/mod/github.com/fvbock/endless@v0.0.0-20170109170031-447134032cb6/endless.go:196: 25509 Waiting for connections to finish...
2019/06/20 10:24:06 /Users/lvpeng/gospace/pkg/mod/github.com/fvbock/endless@v0.0.0-20170109170031-447134032cb6/endless.go:199: 25509 Serve() returning...
2019/06/20 10:24:06 /Users/lvpeng/eme/main.go:36: Server err: accept tcp [::]:80: use of closed network connection
2019/06/20 10:24:06 /Users/lvpeng/gospace/pkg/mod/github.com/fvbock/endless@v0.0.0-20170109170031-447134032cb6/endless.go:385: 25509 [::]:80 Listener closed.
2019/06/20 10:24:14 /Users/lvpeng/eme/main.go:30: Actual pid is 25565
[GIN] 2019/06/20 - 10:24:16 | 200 |     436.523µs |             ::1 | GET      /swagger/index.html
[GIN] 2019/06/20 - 10:24:16 | 200 |   14.346087ms |             ::1 | GET      /swagger/swagger-ui.css
[GIN] 2019/06/20 - 10:24:16 | 200 |   10.419821ms |             ::1 | GET      /swagger/swagger-ui-standalone-preset.js
[GIN] 2019/06/20 - 10:24:17 | 200 |  398.575222ms |             ::1 | GET      /swagger/swagger-ui-bundle.js
[GIN] 2019/06/20 - 10:24:17 | 200 |     127.244µs |             ::1 | GET      /swagger/swagger-ui.css.map
[GIN] 2019/06/20 - 10:24:17 | 200 |     440.279µs |             ::1 | GET      /swagger/doc.json
[GIN] 2019/06/20 - 10:24:17 | 200 |   71.769892ms |             ::1 | GET      /swagger/swagger-ui-standalone-preset.js.map
[GIN] 2019/06/20 - 10:24:17 | 200 |  496.444803ms |             ::1 | GET      /swagger/swagger-ui-bundle.js.map
[GIN] 2019/06/20 - 10:24:18 | 200 |      50.672µs |             ::1 | GET      /swagger/favicon-32x32.png
[GIN] 2019/06/20 - 10:24:27 | 200 |    5.708129ms |             ::1 | POST     /v1/users
2019/06/20 10:25:21 /Users/lvpeng/gospace/pkg/mod/github.com/fvbock/endless@v0.0.0-20170109170031-447134032cb6/endless.go:341: 25565 Received SIGINT.
2019/06/20 10:25:21 /Users/lvpeng/gospace/pkg/mod/github.com/fvbock/endless@v0.0.0-20170109170031-447134032cb6/endless.go:196: 25565 Waiting for connections to finish...
2019/06/20 10:25:21 /Users/lvpeng/gospace/pkg/mod/github.com/fvbock/endless@v0.0.0-20170109170031-447134032cb6/endless.go:199: 25565 Serve() returning...
2019/06/20 10:25:21 /Users/lvpeng/eme/main.go:36: Server err: accept tcp [::]:80: use of closed network connection
2019/06/20 10:25:26 /Users/lvpeng/eme/main.go:30: Actual pid is 25585
[GIN] 2019/06/20 - 10:25:33 | 200 |    5.888118ms |             ::1 | POST     /v1/users
2019/06/20 10:28:19 /Users/lvpeng/gospace/pkg/mod/github.com/fvbock/endless@v0.0.0-20170109170031-447134032cb6/endless.go:341: 25585 Received SIGINT.
2019/06/20 10:28:19 /Users/lvpeng/gospace/pkg/mod/github.com/fvbock/endless@v0.0.0-20170109170031-447134032cb6/endless.go:196: 25585 Waiting for connections to finish...
2019/06/20 10:28:19 /Users/lvpeng/gospace/pkg/mod/github.com/fvbock/endless@v0.0.0-20170109170031-447134032cb6/endless.go:199: 25585 Serve() returning...
2019/06/20 10:28:19 /Users/lvpeng/eme/main.go:36: Server err: accept tcp [::]:80: use of closed network connection
2019/06/20 10:28:23 /Users/lvpeng/eme/main.go:30: Actual pid is 25625
[GIN] 2019/06/20 - 10:28:29 | 200 |    2.440359ms |             ::1 | POST     /v1/users
[GIN] 2019/06/20 - 10:38:04 | 200 |    2.881101ms |             ::1 | POST     /v1/role
[GIN] 2019/06/20 - 10:38:14 | 200 |     823.537µs |             ::1 | POST     /v1/users
2019/06/20 10:39:45 /Users/lvpeng/gospace/pkg/mod/github.com/fvbock/endless@v0.0.0-20170109170031-447134032cb6/endless.go:341: 25625 Received SIGINT.
2019/06/20 10:39:45 /Users/lvpeng/gospace/pkg/mod/github.com/fvbock/endless@v0.0.0-20170109170031-447134032cb6/endless.go:196: 25625 Waiting for connections to finish...
2019/06/20 10:39:45 /Users/lvpeng/gospace/pkg/mod/github.com/fvbock/endless@v0.0.0-20170109170031-447134032cb6/endless.go:199: 25625 Serve() returning...
2019/06/20 10:39:45 /Users/lvpeng/gospace/pkg/mod/github.com/fvbock/endless@v0.0.0-20170109170031-447134032cb6/endless.go:385: 25625 [::]:80 Listener closed.
2019/06/20 10:39:45 /Users/lvpeng/eme/main.go:36: Server err: accept tcp [::]:80: use of closed network connection
2019/06/20 10:39:50 /Users/lvpeng/eme/main.go:30: Actual pid is 25654
[GIN] 2019/06/20 - 10:41:46 | 200 |    2.988277ms |             ::1 | POST     /v1/users
[GIN] 2019/06/20 - 10:41:58 | 200 |    1.285033ms |             ::1 | POST     /v1/users
[GIN] 2019/06/20 - 10:42:00 | 200 |     986.513µs |             ::1 | POST     /v1/users
2019/06/20 10:44:23 /Users/lvpeng/gospace/pkg/mod/github.com/fvbock/endless@v0.0.0-20170109170031-447134032cb6/endless.go:341: 25654 Received SIGINT.
2019/06/20 10:44:23 /Users/lvpeng/gospace/pkg/mod/github.com/fvbock/endless@v0.0.0-20170109170031-447134032cb6/endless.go:196: 25654 Waiting for connections to finish...
2019/06/20 10:44:23 /Users/lvpeng/gospace/pkg/mod/github.com/fvbock/endless@v0.0.0-20170109170031-447134032cb6/endless.go:385: 25654 [::]:80 Listener closed.
2019/06/20 10:44:23 /Users/lvpeng/gospace/pkg/mod/github.com/fvbock/endless@v0.0.0-20170109170031-447134032cb6/endless.go:199: 25654 Serve() returning...
2019/06/20 10:44:23 /Users/lvpeng/eme/main.go:36: Server err: accept tcp [::]:80: use of closed network connection
2019/06/20 10:44:31 /Users/lvpeng/eme/main.go:30: Actual pid is 25693
[GIN] 2019/06/20 - 10:44:40 | 200 |      748.82µs |             ::1 | GET      /v1/role
[GIN] 2019/06/20 - 10:44:46 | 200 |    2.376249ms |             ::1 | POST     /v1/role
[GIN] 2019/06/20 - 10:44:48 | 200 |    2.322184ms |             ::1 | POST     /v1/role
[GIN] 2019/06/20 - 10:44:48 | 200 |    2.094726ms |             ::1 | POST     /v1/role
[GIN] 2019/06/20 - 10:44:52 | 200 |     477.023µs |             ::1 | GET      /v1/role
2019/06/20 10:44:59 /Users/lvpeng/eme/models/user.go:57: creat user error: <nil>
[GIN] 2019/06/20 - 10:44:59 | 200 |     6.04986ms |             ::1 | POST     /v1/users
2019/06/20 10:52:02 /Users/lvpeng/gospace/pkg/mod/github.com/fvbock/endless@v0.0.0-20170109170031-447134032cb6/endless.go:341: 25693 Received SIGINT.
2019/06/20 10:52:02 /Users/lvpeng/gospace/pkg/mod/github.com/fvbock/endless@v0.0.0-20170109170031-447134032cb6/endless.go:196: 25693 Waiting for connections to finish...
2019/06/20 10:52:02 /Users/lvpeng/gospace/pkg/mod/github.com/fvbock/endless@v0.0.0-20170109170031-447134032cb6/endless.go:199: 25693 Serve() returning...
2019/06/20 10:52:02 /Users/lvpeng/eme/main.go:36: Server err: accept tcp [::]:80: use of closed network connection
2019/06/20 10:52:02 /Users/lvpeng/gospace/pkg/mod/github.com/fvbock/endless@v0.0.0-20170109170031-447134032cb6/endless.go:385: 25693 [::]:80 Listener closed.
2019/06/20 10:52:06 /Users/lvpeng/eme/main.go:30: Actual pid is 25723
2019/06/20 10:52:10 /Users/lvpeng/eme/models/user.go:57: creat user error: <nil>
[GIN] 2019/06/20 - 10:52:10 | 200 |   10.085981ms |             ::1 | POST     /v1/users
2019/06/20 10:54:32 /Users/lvpeng/gospace/pkg/mod/github.com/fvbock/endless@v0.0.0-20170109170031-447134032cb6/endless.go:341: 25723 Received SIGINT.
2019/06/20 10:54:32 /Users/lvpeng/gospace/pkg/mod/github.com/fvbock/endless@v0.0.0-20170109170031-447134032cb6/endless.go:196: 25723 Waiting for connections to finish...
2019/06/20 10:54:32 /Users/lvpeng/gospace/pkg/mod/github.com/fvbock/endless@v0.0.0-20170109170031-447134032cb6/endless.go:199: 25723 Serve() returning...
2019/06/20 10:54:32 /Users/lvpeng/eme/main.go:36: Server err: accept tcp [::]:80: use of closed network connection
2019/06/20 10:54:36 /Users/lvpeng/eme/main.go:30: Actual pid is 25743
[GIN] 2019/06/20 - 10:54:43 | 200 |    5.027862ms |             ::1 | POST     /v1/users
2019/06/20 11:14:23 /Users/lvpeng/gospace/pkg/mod/github.com/fvbock/endless@v0.0.0-20170109170031-447134032cb6/endless.go:341: 25743 Received SIGINT.
2019/06/20 11:14:23 /Users/lvpeng/gospace/pkg/mod/github.com/fvbock/endless@v0.0.0-20170109170031-447134032cb6/endless.go:196: 25743 Waiting for connections to finish...
2019/06/20 11:14:23 /Users/lvpeng/gospace/pkg/mod/github.com/fvbock/endless@v0.0.0-20170109170031-447134032cb6/endless.go:199: 25743 Serve() returning...
2019/06/20 11:14:23 /Users/lvpeng/eme/main.go:36: Server err: accept tcp [::]:80: use of closed network connection
2019/06/20 11:14:29 /Users/lvpeng/eme/main.go:30: Actual pid is 25826
[GIN] 2019/06/20 - 11:14:35 | 200 |    2.147433ms |             ::1 | GET      /v1/role
[GIN] 2019/06/20 - 11:14:42 | 200 |    2.219479ms |             ::1 | POST     /v1/role
[GIN] 2019/06/20 - 11:14:44 | 200 |    2.570325ms |             ::1 | POST     /v1/role
[GIN] 2019/06/20 - 11:44:09 | 200 |    3.312831ms |             ::1 | POST     /v1/role
2019/06/20 11:44:12 /Users/lvpeng/gospace/pkg/mod/github.com/fvbock/endless@v0.0.0-20170109170031-447134032cb6/endless.go:341: 25826 Received SIGINT.
2019/06/20 11:44:12 /Users/lvpeng/gospace/pkg/mod/github.com/fvbock/endless@v0.0.0-20170109170031-447134032cb6/endless.go:196: 25826 Waiting for connections to finish...
2019/06/20 11:44:12 /Users/lvpeng/gospace/pkg/mod/github.com/fvbock/endless@v0.0.0-20170109170031-447134032cb6/endless.go:199: 25826 Serve() returning...
2019/06/20 11:44:12 /Users/lvpeng/eme/main.go:36: Server err: accept tcp [::]:80: use of closed network connection
2019/06/20 11:44:12 /Users/lvpeng/gospace/pkg/mod/github.com/fvbock/endless@v0.0.0-20170109170031-447134032cb6/endless.go:385: 25826 [::]:80 Listener closed.
2019/06/20 14:32:47 /Users/lvpeng/eme/main.go:30: Actual pid is 26095
2019/06/20 14:33:53 /Users/lvpeng/gospace/pkg/mod/github.com/fvbock/endless@v0.0.0-20170109170031-447134032cb6/endless.go:341: 26095 Received SIGINT.
2019/06/20 14:33:53 /Users/lvpeng/gospace/pkg/mod/github.com/fvbock/endless@v0.0.0-20170109170031-447134032cb6/endless.go:196: 26095 Waiting for connections to finish...
2019/06/20 14:33:53 /Users/lvpeng/gospace/pkg/mod/github.com/fvbock/endless@v0.0.0-20170109170031-447134032cb6/endless.go:199: 26095 Serve() returning...
2019/06/20 14:33:53 /Users/lvpeng/eme/main.go:36: Server err: accept tcp [::]:80: use of closed network connection
2019/06/20 14:33:56 /Users/lvpeng/eme/main.go:30: Actual pid is 26116
2019/06/20 15:04:43 /Users/lvpeng/gospace/pkg/mod/github.com/fvbock/endless@v0.0.0-20170109170031-447134032cb6/endless.go:341: 26116 Received SIGINT.
2019/06/20 15:04:43 /Users/lvpeng/gospace/pkg/mod/github.com/fvbock/endless@v0.0.0-20170109170031-447134032cb6/endless.go:196: 26116 Waiting for connections to finish...
2019/06/20 15:04:43 /Users/lvpeng/gospace/pkg/mod/github.com/fvbock/endless@v0.0.0-20170109170031-447134032cb6/endless.go:199: 26116 Serve() returning...
2019/06/20 15:04:43 /Users/lvpeng/eme/main.go:36: Server err: accept tcp [::]:80: use of closed network connection
2019/06/20 15:04:47 /Users/lvpeng/eme/main.go:30: Actual pid is 26224
2019/06/20 15:17:05 /Users/lvpeng/gospace/pkg/mod/github.com/fvbock/endless@v0.0.0-20170109170031-447134032cb6/endless.go:341: 26224 Received SIGINT.
2019/06/20 15:17:05 /Users/lvpeng/gospace/pkg/mod/github.com/fvbock/endless@v0.0.0-20170109170031-447134032cb6/endless.go:196: 26224 Waiting for connections to finish...
2019/06/20 15:17:05 /Users/lvpeng/gospace/pkg/mod/github.com/fvbock/endless@v0.0.0-20170109170031-447134032cb6/endless.go:199: 26224 Serve() returning...
2019/06/20 15:17:05 /Users/lvpeng/eme/main.go:36: Server err: accept tcp [::]:80: use of closed network connection
2019/06/20 15:18:05 /Users/lvpeng/eme/main.go:30: Actual pid is 26291
2019/06/20 15:23:00 /Users/lvpeng/gospace/pkg/mod/github.com/fvbock/endless@v0.0.0-20170109170031-447134032cb6/endless.go:341: 26291 Received SIGINT.
2019/06/20 15:23:00 /Users/lvpeng/gospace/pkg/mod/github.com/fvbock/endless@v0.0.0-20170109170031-447134032cb6/endless.go:196: 26291 Waiting for connections to finish...
2019/06/20 15:23:00 /Users/lvpeng/gospace/pkg/mod/github.com/fvbock/endless@v0.0.0-20170109170031-447134032cb6/endless.go:199: 26291 Serve() returning...
2019/06/20 15:23:00 /Users/lvpeng/eme/main.go:36: Server err: accept tcp [::]:80: use of closed network connection
2019/06/20 15:23:00 /Users/lvpeng/gospace/pkg/mod/github.com/fvbock/endless@v0.0.0-20170109170031-447134032cb6/endless.go:385: 26291 [::]:80 Listener closed.
2019/06/20 15:23:03 /Users/lvpeng/eme/main.go:30: Actual pid is 26325
2019/06/20 15:25:01 /Users/lvpeng/gospace/pkg/mod/github.com/fvbock/endless@v0.0.0-20170109170031-447134032cb6/endless.go:341: 26325 Received SIGINT.
2019/06/20 15:25:01 /Users/lvpeng/gospace/pkg/mod/github.com/fvbock/endless@v0.0.0-20170109170031-447134032cb6/endless.go:196: 26325 Waiting for connections to finish...
2019/06/20 15:25:01 /Users/lvpeng/gospace/pkg/mod/github.com/fvbock/endless@v0.0.0-20170109170031-447134032cb6/endless.go:199: 26325 Serve() returning...
2019/06/20 15:25:01 /Users/lvpeng/eme/main.go:36: Server err: accept tcp [::]:80: use of closed network connection
2019/06/20 15:25:01 /Users/lvpeng/gospace/pkg/mod/github.com/fvbock/endless@v0.0.0-20170109170031-447134032cb6/endless.go:385: 26325 [::]:80 Listener closed.
2019/06/20 15:25:05 /Users/lvpeng/eme/main.go:30: Actual pid is 26353
2019/06/20 15:29:33 /Users/lvpeng/gospace/pkg/mod/github.com/fvbock/endless@v0.0.0-20170109170031-447134032cb6/endless.go:341: 26353 Received SIGINT.
2019/06/20 15:29:33 /Users/lvpeng/gospace/pkg/mod/github.com/fvbock/endless@v0.0.0-20170109170031-447134032cb6/endless.go:196: 26353 Waiting for connections to finish...
2019/06/20 15:29:33 /Users/lvpeng/gospace/pkg/mod/github.com/fvbock/endless@v0.0.0-20170109170031-447134032cb6/endless.go:199: 26353 Serve() returning...
2019/06/20 15:29:33 /Users/lvpeng/eme/main.go:36: Server err: accept tcp [::]:80: use of closed network connection
2019/06/20 15:29:37 /Users/lvpeng/eme/main.go:30: Actual pid is 26395
2019/06/20 15:32:59 /Users/lvpeng/gospace/pkg/mod/github.com/fvbock/endless@v0.0.0-20170109170031-447134032cb6/endless.go:341: 26395 Received SIGINT.
2019/06/20 15:32:59 /Users/lvpeng/gospace/pkg/mod/github.com/fvbock/endless@v0.0.0-20170109170031-447134032cb6/endless.go:196: 26395 Waiting for connections to finish...
2019/06/20 15:32:59 /Users/lvpeng/gospace/pkg/mod/github.com/fvbock/endless@v0.0.0-20170109170031-447134032cb6/endless.go:199: 26395 Serve() returning...
2019/06/20 15:32:59 /Users/lvpeng/eme/main.go:36: Server err: accept tcp [::]:80: use of closed network connection
2019/06/20 15:33:04 /Users/lvpeng/eme/main.go:30: Actual pid is 26427
2019/06/20 15:40:05 /Users/lvpeng/gospace/pkg/mod/github.com/fvbock/endless@v0.0.0-20170109170031-447134032cb6/endless.go:217: net.Listen error: listen tcp :80: bind: address already in use
2019/06/20 15:40:05 /Users/lvpeng/eme/main.go:36: Server err: net.Listen error: listen tcp :80: bind: address already in use
2019/06/20 15:40:33 /Users/lvpeng/gospace/pkg/mod/github.com/fvbock/endless@v0.0.0-20170109170031-447134032cb6/endless.go:341: 26427 Received SIGINT.
2019/06/20 15:40:33 /Users/lvpeng/gospace/pkg/mod/github.com/fvbock/endless@v0.0.0-20170109170031-447134032cb6/endless.go:196: 26427 Waiting for connections to finish...
2019/06/20 15:40:33 /Users/lvpeng/gospace/pkg/mod/github.com/fvbock/endless@v0.0.0-20170109170031-447134032cb6/endless.go:385: 26427 [::]:80 Listener closed.
2019/06/20 15:40:33 /Users/lvpeng/gospace/pkg/mod/github.com/fvbock/endless@v0.0.0-20170109170031-447134032cb6/endless.go:199: 26427 Serve() returning...
2019/06/20 15:40:33 /Users/lvpeng/eme/main.go:36: Server err: accept tcp [::]:80: use of closed network connection
2019/06/20 15:40:36 /Users/lvpeng/eme/main.go:30: Actual pid is 26584
